2021-05-08 10:43:26.302 INFO [main]net.xdclass.xdvideo.XdvideoApplication.logStarting:55 -Starting XdvideoApplication using Java 1.8.0_241 on LAPTOP-97DOEO9E with PID 1908 (E:\Java项目\微信支付项目\xdvideo\xdvideo\target\classes started by 联想 in E:\Java项目\微信支付项目\xdvideo\xdvideo)
2021-05-08 10:43:26.302 INFO [main]net.xdclass.xdvideo.XdvideoApplication.logStartupProfileInfo:675 -No active profile set, falling back to default profiles: default
2021-05-08 10:43:26.896 INFO [main]o.s.d.repository.config.RepositoryConfigurationDelegate.multipleStoresDetected:250 -Multiple Spring Data modules found, entering strict repository configuration mode!
2021-05-08 10:43:26.896 INFO [main]o.s.d.repository.config.RepositoryConfigurationDelegate.registerRepositoriesIn:128 -Bootstrapping Spring Data Redis repositories in DEFAULT mode.
2021-05-08 10:43:26.927 INFO [main]o.s.d.repository.config.RepositoryConfigurationDelegate.registerRepositoriesIn:188 -Finished Spring Data repository scanning in 10 ms. Found 0 Redis repository interfaces.
2021-05-08 10:43:27.349 INFO [main]o.s.boot.web.embedded.tomcat.TomcatWebServer.initialize:108 -Tomcat initialized with port(s): 8081 (http)
2021-05-08 10:43:27.349 INFO [main]org.apache.coyote.http11.Http11NioProtocol.log:173 -Initializing ProtocolHandler ["http-nio-8081"]
2021-05-08 10:43:27.349 INFO [main]org.apache.catalina.core.StandardService.log:173 -Starting service [Tomcat]
2021-05-08 10:43:27.349 INFO [main]org.apache.catalina.core.StandardEngine.log:173 -Starting Servlet engine: [Apache Tomcat/9.0.45]
2021-05-08 10:43:27.427 INFO [main]o.a.catalina.core.ContainerBase.[Tomcat].[localhost].[/].log:173 -Initializing Spring embedded WebApplicationContext
2021-05-08 10:43:27.427 INFO [main]o.s.b.w.s.context.ServletWebServerApplicationContext.prepareWebApplicationContext:289 -Root WebApplicationContext: initialization completed in 1094 ms
2021-05-08 10:43:27.833 INFO [main]o.s.scheduling.concurrent.ThreadPoolTaskExecutor.initialize:181 -Initializing ExecutorService 'applicationTaskExecutor'
2021-05-08 10:43:28.293 INFO [main]org.apache.coyote.http11.Http11NioProtocol.log:173 -Starting ProtocolHandler ["http-nio-8081"]
2021-05-08 10:43:28.308 INFO [main]o.s.boot.web.embedded.tomcat.TomcatWebServer.start:220 -Tomcat started on port(s): 8081 (http) with context path ''
2021-05-08 10:43:28.324 INFO [main]net.xdclass.xdvideo.XdvideoApplication.logStarted:61 -Started XdvideoApplication in 2.443 seconds (JVM running for 4.03)
2021-05-08 10:43:48.072 INFO [http-nio-8081-exec-1]o.a.catalina.core.ContainerBase.[Tomcat].[localhost].[/].log:173 -Initializing Spring DispatcherServlet 'dispatcherServlet'
2021-05-08 10:43:48.072 INFO [http-nio-8081-exec-1]org.springframework.web.servlet.DispatcherServlet.initServletBean:525 -Initializing Servlet 'dispatcherServlet'
2021-05-08 10:43:48.073 INFO [http-nio-8081-exec-1]org.springframework.web.servlet.DispatcherServlet.initServletBean:547 -Completed initialization in 0 ms
2021-05-08 10:43:48.161 INFO [http-nio-8081-exec-1]com.alibaba.druid.pool.DruidDataSource.init:922 -{dataSource-1} inited
2021-05-08 10:48:06.003 INFO [SpringContextShutdownHook]o.s.scheduling.concurrent.ThreadPoolTaskExecutor.shutdown:218 -Shutting down ExecutorService 'applicationTaskExecutor'
2021-05-08 10:48:06.003 INFO [SpringContextShutdownHook]com.alibaba.druid.pool.DruidDataSource.close:1817 -{dataSource-1} closed
2021-05-08 10:48:30.396 INFO [main]net.xdclass.xdvideo.XdvideoApplication.logStarting:55 -Starting XdvideoApplication using Java 1.8.0_241 on LAPTOP-97DOEO9E with PID 15032 (E:\Java项目\微信支付项目\xdvideo\xdvideo\target\classes started by 联想 in E:\Java项目\微信支付项目\xdvideo\xdvideo)
2021-05-08 10:48:30.399 INFO [main]net.xdclass.xdvideo.XdvideoApplication.logStartupProfileInfo:675 -No active profile set, falling back to default profiles: default
2021-05-08 10:48:30.900 INFO [main]o.s.d.repository.config.RepositoryConfigurationDelegate.multipleStoresDetected:250 -Multiple Spring Data modules found, entering strict repository configuration mode!
2021-05-08 10:48:30.903 INFO [main]o.s.d.repository.config.RepositoryConfigurationDelegate.registerRepositoriesIn:128 -Bootstrapping Spring Data Redis repositories in DEFAULT mode.
2021-05-08 10:48:30.920 INFO [main]o.s.d.repository.config.RepositoryConfigurationDelegate.registerRepositoriesIn:188 -Finished Spring Data repository scanning in 9 ms. Found 0 Redis repository interfaces.
2021-05-08 10:48:31.296 INFO [main]o.s.boot.web.embedded.tomcat.TomcatWebServer.initialize:108 -Tomcat initialized with port(s): 8081 (http)
2021-05-08 10:48:31.302 INFO [main]org.apache.coyote.http11.Http11NioProtocol.log:173 -Initializing ProtocolHandler ["http-nio-8081"]
2021-05-08 10:48:31.302 INFO [main]org.apache.catalina.core.StandardService.log:173 -Starting service [Tomcat]
2021-05-08 10:48:31.302 INFO [main]org.apache.catalina.core.StandardEngine.log:173 -Starting Servlet engine: [Apache Tomcat/9.0.45]
2021-05-08 10:48:31.375 INFO [main]o.a.catalina.core.ContainerBase.[Tomcat].[localhost].[/].log:173 -Initializing Spring embedded WebApplicationContext
2021-05-08 10:48:31.375 INFO [main]o.s.b.w.s.context.ServletWebServerApplicationContext.prepareWebApplicationContext:289 -Root WebApplicationContext: initialization completed in 942 ms
2021-05-08 10:48:31.710 INFO [main]o.s.scheduling.concurrent.ThreadPoolTaskExecutor.initialize:181 -Initializing ExecutorService 'applicationTaskExecutor'
2021-05-08 10:48:32.146 INFO [main]org.apache.coyote.http11.Http11NioProtocol.log:173 -Starting ProtocolHandler ["http-nio-8081"]
2021-05-08 10:48:32.161 INFO [main]o.s.boot.web.embedded.tomcat.TomcatWebServer.start:220 -Tomcat started on port(s): 8081 (http) with context path ''
2021-05-08 10:48:32.169 INFO [main]net.xdclass.xdvideo.XdvideoApplication.logStarted:61 -Started XdvideoApplication in 2.157 seconds (JVM running for 3.039)
2021-05-08 10:48:40.230 INFO [http-nio-8081-exec-3]o.a.catalina.core.ContainerBase.[Tomcat].[localhost].[/].log:173 -Initializing Spring DispatcherServlet 'dispatcherServlet'
2021-05-08 10:48:40.230 INFO [http-nio-8081-exec-3]org.springframework.web.servlet.DispatcherServlet.initServletBean:525 -Initializing Servlet 'dispatcherServlet'
2021-05-08 10:48:40.231 INFO [http-nio-8081-exec-3]org.springframework.web.servlet.DispatcherServlet.initServletBean:547 -Completed initialization in 1 ms
2021-05-08 10:48:40.292 INFO [http-nio-8081-exec-1]com.alibaba.druid.pool.DruidDataSource.init:922 -{dataSource-1} inited
2021-05-08 11:18:10.556 INFO [SpringContextShutdownHook]o.s.scheduling.concurrent.ThreadPoolTaskExecutor.shutdown:218 -Shutting down ExecutorService 'applicationTaskExecutor'
2021-05-08 11:18:10.559 INFO [SpringContextShutdownHook]com.alibaba.druid.pool.DruidDataSource.close:1817 -{dataSource-1} closed
2021-05-08 11:18:17.358 INFO [main]net.xdclass.xdvideo.XdvideoApplication.logStarting:55 -Starting XdvideoApplication using Java 1.8.0_241 on LAPTOP-97DOEO9E with PID 13340 (E:\Java项目\微信支付项目\xdvideo\xdvideo\target\classes started by 联想 in E:\Java项目\微信支付项目\xdvideo\xdvideo)
2021-05-08 11:18:17.358 INFO [main]net.xdclass.xdvideo.XdvideoApplication.logStartupProfileInfo:675 -No active profile set, falling back to default profiles: default
2021-05-08 11:18:17.812 INFO [main]o.s.d.repository.config.RepositoryConfigurationDelegate.multipleStoresDetected:250 -Multiple Spring Data modules found, entering strict repository configuration mode!
2021-05-08 11:18:17.827 INFO [main]o.s.d.repository.config.RepositoryConfigurationDelegate.registerRepositoriesIn:128 -Bootstrapping Spring Data Redis repositories in DEFAULT mode.
2021-05-08 11:18:17.843 INFO [main]o.s.d.repository.config.RepositoryConfigurationDelegate.registerRepositoriesIn:188 -Finished Spring Data repository scanning in 8 ms. Found 0 Redis repository interfaces.
2021-05-08 11:18:18.156 INFO [main]o.s.boot.web.embedded.tomcat.TomcatWebServer.initialize:108 -Tomcat initialized with port(s): 8081 (http)
2021-05-08 11:18:18.156 INFO [main]org.apache.coyote.http11.Http11NioProtocol.log:173 -Initializing ProtocolHandler ["http-nio-8081"]
2021-05-08 11:18:18.156 INFO [main]org.apache.catalina.core.StandardService.log:173 -Starting service [Tomcat]
2021-05-08 11:18:18.156 INFO [main]org.apache.catalina.core.StandardEngine.log:173 -Starting Servlet engine: [Apache Tomcat/9.0.45]
2021-05-08 11:18:18.221 INFO [main]o.a.catalina.core.ContainerBase.[Tomcat].[localhost].[/].log:173 -Initializing Spring embedded WebApplicationContext
2021-05-08 11:18:18.221 INFO [main]o.s.b.w.s.context.ServletWebServerApplicationContext.prepareWebApplicationContext:289 -Root WebApplicationContext: initialization completed in 817 ms
2021-05-08 11:18:18.503 INFO [main]o.s.scheduling.concurrent.ThreadPoolTaskExecutor.initialize:181 -Initializing ExecutorService 'applicationTaskExecutor'
2021-05-08 11:18:18.862 INFO [main]org.apache.coyote.http11.Http11NioProtocol.log:173 -Starting ProtocolHandler ["http-nio-8081"]
2021-05-08 11:18:18.878 INFO [main]o.s.boot.web.embedded.tomcat.TomcatWebServer.start:220 -Tomcat started on port(s): 8081 (http) with context path ''
2021-05-08 11:18:18.878 INFO [main]net.xdclass.xdvideo.XdvideoApplication.logStarted:61 -Started XdvideoApplication in 1.847 seconds (JVM running for 2.566)
2021-05-08 11:18:26.346 INFO [http-nio-8081-exec-1]o.a.catalina.core.ContainerBase.[Tomcat].[localhost].[/].log:173 -Initializing Spring DispatcherServlet 'dispatcherServlet'
2021-05-08 11:18:26.346 INFO [http-nio-8081-exec-1]org.springframework.web.servlet.DispatcherServlet.initServletBean:525 -Initializing Servlet 'dispatcherServlet'
2021-05-08 11:18:26.347 INFO [http-nio-8081-exec-1]org.springframework.web.servlet.DispatcherServlet.initServletBean:547 -Completed initialization in 1 ms
2021-05-08 13:24:55.919 INFO [main]net.xdclass.xdvideo.XdvideoApplication.logStarting:55 -Starting XdvideoApplication using Java 1.8.0_241 on LAPTOP-97DOEO9E with PID 17452 (E:\Java项目\微信支付项目\xdvideo\xdvideo\target\classes started by 联想 in E:\Java项目\微信支付项目\xdvideo\xdvideo)
2021-05-08 13:24:55.921 INFO [main]net.xdclass.xdvideo.XdvideoApplication.logStartupProfileInfo:675 -No active profile set, falling back to default profiles: default
2021-05-08 13:24:56.431 INFO [main]o.s.d.repository.config.RepositoryConfigurationDelegate.multipleStoresDetected:250 -Multiple Spring Data modules found, entering strict repository configuration mode!
2021-05-08 13:24:56.434 INFO [main]o.s.d.repository.config.RepositoryConfigurationDelegate.registerRepositoriesIn:128 -Bootstrapping Spring Data Redis repositories in DEFAULT mode.
2021-05-08 13:24:56.453 INFO [main]o.s.d.repository.config.RepositoryConfigurationDelegate.registerRepositoriesIn:188 -Finished Spring Data repository scanning in 9 ms. Found 0 Redis repository interfaces.
2021-05-08 13:24:56.829 INFO [main]o.s.boot.web.embedded.tomcat.TomcatWebServer.initialize:108 -Tomcat initialized with port(s): 8081 (http)
2021-05-08 13:24:56.838 INFO [main]org.apache.coyote.http11.Http11NioProtocol.log:173 -Initializing ProtocolHandler ["http-nio-8081"]
2021-05-08 13:24:56.838 INFO [main]org.apache.catalina.core.StandardService.log:173 -Starting service [Tomcat]
2021-05-08 13:24:56.838 INFO [main]org.apache.catalina.core.StandardEngine.log:173 -Starting Servlet engine: [Apache Tomcat/9.0.45]
2021-05-08 13:24:56.912 INFO [main]o.a.catalina.core.ContainerBase.[Tomcat].[localhost].[/].log:173 -Initializing Spring embedded WebApplicationContext
2021-05-08 13:24:56.912 INFO [main]o.s.b.w.s.context.ServletWebServerApplicationContext.prepareWebApplicationContext:289 -Root WebApplicationContext: initialization completed in 952 ms
2021-05-08 13:24:57.262 INFO [main]o.s.scheduling.concurrent.ThreadPoolTaskExecutor.initialize:181 -Initializing ExecutorService 'applicationTaskExecutor'
2021-05-08 13:24:57.692 INFO [main]org.apache.coyote.http11.Http11NioProtocol.log:173 -Starting ProtocolHandler ["http-nio-8081"]
2021-05-08 13:24:57.707 INFO [main]o.s.boot.web.embedded.tomcat.TomcatWebServer.start:220 -Tomcat started on port(s): 8081 (http) with context path ''
2021-05-08 13:24:57.715 INFO [main]net.xdclass.xdvideo.XdvideoApplication.logStarted:61 -Started XdvideoApplication in 2.176 seconds (JVM running for 3.085)
2021-05-08 13:25:06.722 INFO [http-nio-8081-exec-3]o.a.catalina.core.ContainerBase.[Tomcat].[localhost].[/].log:173 -Initializing Spring DispatcherServlet 'dispatcherServlet'
2021-05-08 13:25:06.722 INFO [http-nio-8081-exec-3]org.springframework.web.servlet.DispatcherServlet.initServletBean:525 -Initializing Servlet 'dispatcherServlet'
2021-05-08 13:25:06.723 INFO [http-nio-8081-exec-3]org.springframework.web.servlet.DispatcherServlet.initServletBean:547 -Completed initialization in 1 ms
2021-05-08 13:25:06.788 INFO [http-nio-8081-exec-1]com.alibaba.druid.pool.DruidDataSource.init:922 -{dataSource-1} inited
2021-05-08 13:40:49.321 INFO [SpringContextShutdownHook]o.s.scheduling.concurrent.ThreadPoolTaskExecutor.shutdown:218 -Shutting down ExecutorService 'applicationTaskExecutor'
2021-05-08 13:40:49.323 INFO [SpringContextShutdownHook]com.alibaba.druid.pool.DruidDataSource.close:1817 -{dataSource-1} closed
2021-05-08 13:43:43.316 INFO [main]net.xdclass.xdvideo.XdvideoApplication.logStarting:55 -Starting XdvideoApplication using Java 1.8.0_241 on LAPTOP-97DOEO9E with PID 18224 (E:\Java项目\微信支付项目\xdvideo\xdvideo\target\classes started by 联想 in E:\Java项目\微信支付项目\xdvideo\xdvideo)
2021-05-08 13:43:43.319 INFO [main]net.xdclass.xdvideo.XdvideoApplication.logStartupProfileInfo:675 -No active profile set, falling back to default profiles: default
2021-05-08 13:43:43.815 INFO [main]o.s.d.repository.config.RepositoryConfigurationDelegate.multipleStoresDetected:250 -Multiple Spring Data modules found, entering strict repository configuration mode!
2021-05-08 13:43:43.816 INFO [main]o.s.d.repository.config.RepositoryConfigurationDelegate.registerRepositoriesIn:128 -Bootstrapping Spring Data Redis repositories in DEFAULT mode.
2021-05-08 13:43:43.843 INFO [main]o.s.d.repository.config.RepositoryConfigurationDelegate.registerRepositoriesIn:188 -Finished Spring Data repository scanning in 9 ms. Found 0 Redis repository interfaces.
2021-05-08 13:43:44.213 INFO [main]o.s.boot.web.embedded.tomcat.TomcatWebServer.initialize:108 -Tomcat initialized with port(s): 8081 (http)
2021-05-08 13:43:44.220 INFO [main]org.apache.coyote.http11.Http11NioProtocol.log:173 -Initializing ProtocolHandler ["http-nio-8081"]
2021-05-08 13:43:44.221 INFO [main]org.apache.catalina.core.StandardService.log:173 -Starting service [Tomcat]
2021-05-08 13:43:44.221 INFO [main]org.apache.catalina.core.StandardEngine.log:173 -Starting Servlet engine: [Apache Tomcat/9.0.45]
2021-05-08 13:43:44.293 INFO [main]o.a.catalina.core.ContainerBase.[Tomcat].[localhost].[/].log:173 -Initializing Spring embedded WebApplicationContext
2021-05-08 13:43:44.294 INFO [main]o.s.b.w.s.context.ServletWebServerApplicationContext.prepareWebApplicationContext:289 -Root WebApplicationContext: initialization completed in 937 ms
2021-05-08 13:43:44.642 INFO [main]o.s.scheduling.concurrent.ThreadPoolTaskExecutor.initialize:181 -Initializing ExecutorService 'applicationTaskExecutor'
2021-05-08 13:43:45.061 INFO [main]org.apache.coyote.http11.Http11NioProtocol.log:173 -Starting ProtocolHandler ["http-nio-8081"]
2021-05-08 13:43:45.076 INFO [main]o.s.boot.web.embedded.tomcat.TomcatWebServer.start:220 -Tomcat started on port(s): 8081 (http) with context path ''
2021-05-08 13:43:45.084 INFO [main]net.xdclass.xdvideo.XdvideoApplication.logStarted:61 -Started XdvideoApplication in 2.15 seconds (JVM running for 3.054)
2021-05-08 13:44:25.027 INFO [http-nio-8081-exec-2]o.a.catalina.core.ContainerBase.[Tomcat].[localhost].[/].log:173 -Initializing Spring DispatcherServlet 'dispatcherServlet'
2021-05-08 13:44:25.027 INFO [http-nio-8081-exec-2]org.springframework.web.servlet.DispatcherServlet.initServletBean:525 -Initializing Servlet 'dispatcherServlet'
2021-05-08 13:44:25.027 INFO [http-nio-8081-exec-2]org.springframework.web.servlet.DispatcherServlet.initServletBean:547 -Completed initialization in 0 ms
2021-05-08 13:47:01.445 INFO [SpringContextShutdownHook]o.s.scheduling.concurrent.ThreadPoolTaskExecutor.shutdown:218 -Shutting down ExecutorService 'applicationTaskExecutor'
2021-05-08 13:47:06.531 INFO [main]net.xdclass.xdvideo.XdvideoApplication.logStarting:55 -Starting XdvideoApplication using Java 1.8.0_241 on LAPTOP-97DOEO9E with PID 9996 (E:\Java项目\微信支付项目\xdvideo\xdvideo\target\classes started by 联想 in E:\Java项目\微信支付项目\xdvideo\xdvideo)
2021-05-08 13:47:06.533 INFO [main]net.xdclass.xdvideo.XdvideoApplication.logStartupProfileInfo:675 -No active profile set, falling back to default profiles: default
2021-05-08 13:47:07.022 INFO [main]o.s.d.repository.config.RepositoryConfigurationDelegate.multipleStoresDetected:250 -Multiple Spring Data modules found, entering strict repository configuration mode!
2021-05-08 13:47:07.023 INFO [main]o.s.d.repository.config.RepositoryConfigurationDelegate.registerRepositoriesIn:128 -Bootstrapping Spring Data Redis repositories in DEFAULT mode.
2021-05-08 13:47:07.041 INFO [main]o.s.d.repository.config.RepositoryConfigurationDelegate.registerRepositoriesIn:188 -Finished Spring Data repository scanning in 8 ms. Found 0 Redis repository interfaces.
2021-05-08 13:47:07.373 INFO [main]o.s.boot.web.embedded.tomcat.TomcatWebServer.initialize:108 -Tomcat initialized with port(s): 8081 (http)
2021-05-08 13:47:07.380 INFO [main]org.apache.coyote.http11.Http11NioProtocol.log:173 -Initializing ProtocolHandler ["http-nio-8081"]
2021-05-08 13:47:07.380 INFO [main]org.apache.catalina.core.StandardService.log:173 -Starting service [Tomcat]
2021-05-08 13:47:07.380 INFO [main]org.apache.catalina.core.StandardEngine.log:173 -Starting Servlet engine: [Apache Tomcat/9.0.45]
2021-05-08 13:47:07.445 INFO [main]o.a.catalina.core.ContainerBase.[Tomcat].[localhost].[/].log:173 -Initializing Spring embedded WebApplicationContext
2021-05-08 13:47:07.445 INFO [main]o.s.b.w.s.context.ServletWebServerApplicationContext.prepareWebApplicationContext:289 -Root WebApplicationContext: initialization completed in 876 ms
2021-05-08 13:47:07.738 INFO [main]o.s.scheduling.concurrent.ThreadPoolTaskExecutor.initialize:181 -Initializing ExecutorService 'applicationTaskExecutor'
2021-05-08 13:47:08.131 INFO [main]org.apache.coyote.http11.Http11NioProtocol.log:173 -Starting ProtocolHandler ["http-nio-8081"]
2021-05-08 13:47:08.145 INFO [main]o.s.boot.web.embedded.tomcat.TomcatWebServer.start:220 -Tomcat started on port(s): 8081 (http) with context path ''
2021-05-08 13:47:08.153 INFO [main]net.xdclass.xdvideo.XdvideoApplication.logStarted:61 -Started XdvideoApplication in 1.926 seconds (JVM running for 2.699)
2021-05-08 13:47:26.290 INFO [http-nio-8081-exec-1]o.a.catalina.core.ContainerBase.[Tomcat].[localhost].[/].log:173 -Initializing Spring DispatcherServlet 'dispatcherServlet'
2021-05-08 13:47:26.291 INFO [http-nio-8081-exec-1]org.springframework.web.servlet.DispatcherServlet.initServletBean:525 -Initializing Servlet 'dispatcherServlet'
2021-05-08 13:47:26.292 INFO [http-nio-8081-exec-1]org.springframework.web.servlet.DispatcherServlet.initServletBean:547 -Completed initialization in 1 ms
2021-05-08 13:48:27.889 INFO [main]net.xdclass.xdvideo.XdvideoApplication.logStarting:55 -Starting XdvideoApplication using Java 1.8.0_241 on LAPTOP-97DOEO9E with PID 13832 (E:\Java项目\微信支付项目\xdvideo\xdvideo\target\classes started by 联想 in E:\Java项目\微信支付项目\xdvideo\xdvideo)
2021-05-08 13:48:27.891 INFO [main]net.xdclass.xdvideo.XdvideoApplication.logStartupProfileInfo:675 -No active profile set, falling back to default profiles: default
2021-05-08 13:48:28.364 INFO [main]o.s.d.repository.config.RepositoryConfigurationDelegate.multipleStoresDetected:250 -Multiple Spring Data modules found, entering strict repository configuration mode!
2021-05-08 13:48:28.365 INFO [main]o.s.d.repository.config.RepositoryConfigurationDelegate.registerRepositoriesIn:128 -Bootstrapping Spring Data Redis repositories in DEFAULT mode.
2021-05-08 13:48:28.382 INFO [main]o.s.d.repository.config.RepositoryConfigurationDelegate.registerRepositoriesIn:188 -Finished Spring Data repository scanning in 8 ms. Found 0 Redis repository interfaces.
2021-05-08 13:48:28.708 INFO [main]o.s.boot.web.embedded.tomcat.TomcatWebServer.initialize:108 -Tomcat initialized with port(s): 8081 (http)
2021-05-08 13:48:28.714 INFO [main]org.apache.coyote.http11.Http11NioProtocol.log:173 -Initializing ProtocolHandler ["http-nio-8081"]
2021-05-08 13:48:28.715 INFO [main]org.apache.catalina.core.StandardService.log:173 -Starting service [Tomcat]
2021-05-08 13:48:28.715 INFO [main]org.apache.catalina.core.StandardEngine.log:173 -Starting Servlet engine: [Apache Tomcat/9.0.45]
2021-05-08 13:48:28.780 INFO [main]o.a.catalina.core.ContainerBase.[Tomcat].[localhost].[/].log:173 -Initializing Spring embedded WebApplicationContext
2021-05-08 13:48:28.781 INFO [main]o.s.b.w.s.context.ServletWebServerApplicationContext.prepareWebApplicationContext:289 -Root WebApplicationContext: initialization completed in 852 ms
2021-05-08 13:48:29.078 INFO [main]o.s.scheduling.concurrent.ThreadPoolTaskExecutor.initialize:181 -Initializing ExecutorService 'applicationTaskExecutor'
2021-05-08 13:48:29.445 INFO [main]org.apache.coyote.http11.Http11NioProtocol.log:173 -Starting ProtocolHandler ["http-nio-8081"]
2021-05-08 13:48:29.458 INFO [main]o.s.boot.web.embedded.tomcat.TomcatWebServer.start:220 -Tomcat started on port(s): 8081 (http) with context path ''
2021-05-08 13:48:29.465 INFO [main]net.xdclass.xdvideo.XdvideoApplication.logStarted:61 -Started XdvideoApplication in 1.88 seconds (JVM running for 2.565)
2021-05-08 13:48:33.268 INFO [http-nio-8081-exec-1]o.a.catalina.core.ContainerBase.[Tomcat].[localhost].[/].log:173 -Initializing Spring DispatcherServlet 'dispatcherServlet'
2021-05-08 13:48:33.268 INFO [http-nio-8081-exec-1]org.springframework.web.servlet.DispatcherServlet.initServletBean:525 -Initializing Servlet 'dispatcherServlet'
2021-05-08 13:48:33.269 INFO [http-nio-8081-exec-1]org.springframework.web.servlet.DispatcherServlet.initServletBean:547 -Completed initialization in 1 ms
2021-05-08 13:50:51.281 INFO [main]net.xdclass.xdvideo.XdvideoApplication.logStarting:55 -Starting XdvideoApplication using Java 1.8.0_241 on LAPTOP-97DOEO9E with PID 6448 (E:\Java项目\微信支付项目\xdvideo\xdvideo\target\classes started by 联想 in E:\Java项目\微信支付项目\xdvideo\xdvideo)
2021-05-08 13:50:51.283 INFO [main]net.xdclass.xdvideo.XdvideoApplication.logStartupProfileInfo:675 -No active profile set, falling back to default profiles: default
2021-05-08 13:50:51.745 INFO [main]o.s.d.repository.config.RepositoryConfigurationDelegate.multipleStoresDetected:250 -Multiple Spring Data modules found, entering strict repository configuration mode!
2021-05-08 13:50:51.747 INFO [main]o.s.d.repository.config.RepositoryConfigurationDelegate.registerRepositoriesIn:128 -Bootstrapping Spring Data Redis repositories in DEFAULT mode.
2021-05-08 13:50:51.764 INFO [main]o.s.d.repository.config.RepositoryConfigurationDelegate.registerRepositoriesIn:188 -Finished Spring Data repository scanning in 8 ms. Found 0 Redis repository interfaces.
2021-05-08 13:50:52.093 INFO [main]o.s.boot.web.embedded.tomcat.TomcatWebServer.initialize:108 -Tomcat initialized with port(s): 8081 (http)
2021-05-08 13:50:52.099 INFO [main]org.apache.coyote.http11.Http11NioProtocol.log:173 -Initializing ProtocolHandler ["http-nio-8081"]
2021-05-08 13:50:52.100 INFO [main]org.apache.catalina.core.StandardService.log:173 -Starting service [Tomcat]
2021-05-08 13:50:52.100 INFO [main]org.apache.catalina.core.StandardEngine.log:173 -Starting Servlet engine: [Apache Tomcat/9.0.45]
2021-05-08 13:50:52.166 INFO [main]o.a.catalina.core.ContainerBase.[Tomcat].[localhost].[/].log:173 -Initializing Spring embedded WebApplicationContext
2021-05-08 13:50:52.166 INFO [main]o.s.b.w.s.context.ServletWebServerApplicationContext.prepareWebApplicationContext:289 -Root WebApplicationContext: initialization completed in 844 ms
2021-05-08 13:50:52.452 INFO [main]o.s.scheduling.concurrent.ThreadPoolTaskExecutor.initialize:181 -Initializing ExecutorService 'applicationTaskExecutor'
2021-05-08 13:50:52.814 INFO [main]org.apache.coyote.http11.Http11NioProtocol.log:173 -Starting ProtocolHandler ["http-nio-8081"]
2021-05-08 13:50:52.827 INFO [main]o.s.boot.web.embedded.tomcat.TomcatWebServer.start:220 -Tomcat started on port(s): 8081 (http) with context path ''
2021-05-08 13:50:52.834 INFO [main]net.xdclass.xdvideo.XdvideoApplication.logStarted:61 -Started XdvideoApplication in 1.875 seconds (JVM running for 2.559)
2021-05-08 13:50:59.666 INFO [http-nio-8081-exec-1]o.a.catalina.core.ContainerBase.[Tomcat].[localhost].[/].log:173 -Initializing Spring DispatcherServlet 'dispatcherServlet'
2021-05-08 13:50:59.666 INFO [http-nio-8081-exec-1]org.springframework.web.servlet.DispatcherServlet.initServletBean:525 -Initializing Servlet 'dispatcherServlet'
2021-05-08 13:50:59.667 INFO [http-nio-8081-exec-1]org.springframework.web.servlet.DispatcherServlet.initServletBean:547 -Completed initialization in 1 ms
2021-05-08 13:50:59.726 INFO [http-nio-8081-exec-5]com.alibaba.druid.pool.DruidDataSource.init:922 -{dataSource-1} inited
2021-05-08 13:52:46.049 INFO [main]net.xdclass.xdvideo.XdvideoApplication.logStarting:55 -Starting XdvideoApplication using Java 1.8.0_241 on LAPTOP-97DOEO9E with PID 15376 (E:\Java项目\微信支付项目\xdvideo\xdvideo\target\classes started by 联想 in E:\Java项目\微信支付项目\xdvideo\xdvideo)
2021-05-08 13:52:46.052 INFO [main]net.xdclass.xdvideo.XdvideoApplication.logStartupProfileInfo:675 -No active profile set, falling back to default profiles: default
2021-05-08 13:52:46.536 INFO [main]o.s.d.repository.config.RepositoryConfigurationDelegate.multipleStoresDetected:250 -Multiple Spring Data modules found, entering strict repository configuration mode!
2021-05-08 13:52:46.537 INFO [main]o.s.d.repository.config.RepositoryConfigurationDelegate.registerRepositoriesIn:128 -Bootstrapping Spring Data Redis repositories in DEFAULT mode.
2021-05-08 13:52:46.555 INFO [main]o.s.d.repository.config.RepositoryConfigurationDelegate.registerRepositoriesIn:188 -Finished Spring Data repository scanning in 8 ms. Found 0 Redis repository interfaces.
2021-05-08 13:52:46.880 INFO [main]o.s.boot.web.embedded.tomcat.TomcatWebServer.initialize:108 -Tomcat initialized with port(s): 8081 (http)
2021-05-08 13:52:46.886 INFO [main]org.apache.coyote.http11.Http11NioProtocol.log:173 -Initializing ProtocolHandler ["http-nio-8081"]
2021-05-08 13:52:46.887 INFO [main]org.apache.catalina.core.StandardService.log:173 -Starting service [Tomcat]
2021-05-08 13:52:46.887 INFO [main]org.apache.catalina.core.StandardEngine.log:173 -Starting Servlet engine: [Apache Tomcat/9.0.45]
2021-05-08 13:52:46.950 INFO [main]o.a.catalina.core.ContainerBase.[Tomcat].[localhost].[/].log:173 -Initializing Spring embedded WebApplicationContext
2021-05-08 13:52:46.950 INFO [main]o.s.b.w.s.context.ServletWebServerApplicationContext.prepareWebApplicationContext:289 -Root WebApplicationContext: initialization completed in 857 ms
2021-05-08 13:52:47.245 INFO [main]o.s.scheduling.concurrent.ThreadPoolTaskExecutor.initialize:181 -Initializing ExecutorService 'applicationTaskExecutor'
2021-05-08 13:52:47.613 INFO [main]org.apache.coyote.http11.Http11NioProtocol.log:173 -Starting ProtocolHandler ["http-nio-8081"]
2021-05-08 13:52:47.625 INFO [main]o.s.boot.web.embedded.tomcat.TomcatWebServer.start:220 -Tomcat started on port(s): 8081 (http) with context path ''
2021-05-08 13:52:47.633 INFO [main]net.xdclass.xdvideo.XdvideoApplication.logStarted:61 -Started XdvideoApplication in 1.9 seconds (JVM running for 2.584)
2021-05-08 13:52:56.606 INFO [http-nio-8081-exec-1]o.a.catalina.core.ContainerBase.[Tomcat].[localhost].[/].log:173 -Initializing Spring DispatcherServlet 'dispatcherServlet'
2021-05-08 13:52:56.607 INFO [http-nio-8081-exec-1]org.springframework.web.servlet.DispatcherServlet.initServletBean:525 -Initializing Servlet 'dispatcherServlet'
2021-05-08 13:52:56.607 INFO [http-nio-8081-exec-1]org.springframework.web.servlet.DispatcherServlet.initServletBean:547 -Completed initialization in 0 ms
2021-05-08 13:52:56.677 INFO [http-nio-8081-exec-1]com.alibaba.druid.pool.DruidDataSource.init:922 -{dataSource-1} inited
2021-05-08 13:54:10.614 INFO [http-nio-8081-exec-5]dataLogger.save:46 -module=video_order`api=save`user_id=1`video_id=2
2021-05-08 14:00:35.210 INFO [main]net.xdclass.xdvideo.XdvideoApplication.logStarting:55 -Starting XdvideoApplication using Java 1.8.0_241 on LAPTOP-97DOEO9E with PID 11384 (E:\Java项目\微信支付项目\xdvideo\xdvideo\target\classes started by 联想 in E:\Java项目\微信支付项目\xdvideo\xdvideo)
2021-05-08 14:00:35.213 INFO [main]net.xdclass.xdvideo.XdvideoApplication.logStartupProfileInfo:675 -No active profile set, falling back to default profiles: default
2021-05-08 14:00:35.719 INFO [main]o.s.d.repository.config.RepositoryConfigurationDelegate.multipleStoresDetected:250 -Multiple Spring Data modules found, entering strict repository configuration mode!
2021-05-08 14:00:35.720 INFO [main]o.s.d.repository.config.RepositoryConfigurationDelegate.registerRepositoriesIn:128 -Bootstrapping Spring Data Redis repositories in DEFAULT mode.
2021-05-08 14:00:35.740 INFO [main]o.s.d.repository.config.RepositoryConfigurationDelegate.registerRepositoriesIn:188 -Finished Spring Data repository scanning in 9 ms. Found 0 Redis repository interfaces.
2021-05-08 14:00:36.123 INFO [main]o.s.boot.web.embedded.tomcat.TomcatWebServer.initialize:108 -Tomcat initialized with port(s): 8081 (http)
2021-05-08 14:00:36.130 INFO [main]org.apache.coyote.http11.Http11NioProtocol.log:173 -Initializing ProtocolHandler ["http-nio-8081"]
2021-05-08 14:00:36.131 INFO [main]org.apache.catalina.core.StandardService.log:173 -Starting service [Tomcat]
2021-05-08 14:00:36.131 INFO [main]org.apache.catalina.core.StandardEngine.log:173 -Starting Servlet engine: [Apache Tomcat/9.0.45]
2021-05-08 14:00:36.202 INFO [main]o.a.catalina.core.ContainerBase.[Tomcat].[localhost].[/].log:173 -Initializing Spring embedded WebApplicationContext
2021-05-08 14:00:36.202 INFO [main]o.s.b.w.s.context.ServletWebServerApplicationContext.prepareWebApplicationContext:289 -Root WebApplicationContext: initialization completed in 952 ms
2021-05-08 14:00:36.542 INFO [main]o.s.scheduling.concurrent.ThreadPoolTaskExecutor.initialize:181 -Initializing ExecutorService 'applicationTaskExecutor'
2021-05-08 14:00:36.988 INFO [main]org.apache.coyote.http11.Http11NioProtocol.log:173 -Starting ProtocolHandler ["http-nio-8081"]
2021-05-08 14:00:37.003 INFO [main]o.s.boot.web.embedded.tomcat.TomcatWebServer.start:220 -Tomcat started on port(s): 8081 (http) with context path ''
2021-05-08 14:00:37.011 INFO [main]net.xdclass.xdvideo.XdvideoApplication.logStarted:61 -Started XdvideoApplication in 2.181 seconds (JVM running for 3.061)
2021-05-08 14:00:46.193 INFO [http-nio-8081-exec-1]o.a.catalina.core.ContainerBase.[Tomcat].[localhost].[/].log:173 -Initializing Spring DispatcherServlet 'dispatcherServlet'
2021-05-08 14:00:46.193 INFO [http-nio-8081-exec-1]org.springframework.web.servlet.DispatcherServlet.initServletBean:525 -Initializing Servlet 'dispatcherServlet'
2021-05-08 14:00:46.194 INFO [http-nio-8081-exec-1]org.springframework.web.servlet.DispatcherServlet.initServletBean:547 -Completed initialization in 0 ms
2021-05-08 14:00:46.289 INFO [http-nio-8081-exec-1]com.alibaba.druid.pool.DruidDataSource.init:922 -{dataSource-1} inited
2021-05-08 14:04:53.547 INFO [SpringContextShutdownHook]o.s.scheduling.concurrent.ThreadPoolTaskExecutor.shutdown:218 -Shutting down ExecutorService 'applicationTaskExecutor'
2021-05-08 14:04:53.550 INFO [SpringContextShutdownHook]com.alibaba.druid.pool.DruidDataSource.close:1817 -{dataSource-1} closed
2021-05-08 14:04:59.864 INFO [main]net.xdclass.xdvideo.XdvideoApplication.logStarting:55 -Starting XdvideoApplication using Java 1.8.0_241 on LAPTOP-97DOEO9E with PID 7440 (E:\Java项目\微信支付项目\xdvideo\xdvideo\target\classes started by 联想 in E:\Java项目\微信支付项目\xdvideo\xdvideo)
2021-05-08 14:04:59.867 INFO [main]net.xdclass.xdvideo.XdvideoApplication.logStartupProfileInfo:675 -No active profile set, falling back to default profiles: default
2021-05-08 14:05:00.378 INFO [main]o.s.d.repository.config.RepositoryConfigurationDelegate.multipleStoresDetected:250 -Multiple Spring Data modules found, entering strict repository configuration mode!
2021-05-08 14:05:00.379 INFO [main]o.s.d.repository.config.RepositoryConfigurationDelegate.registerRepositoriesIn:128 -Bootstrapping Spring Data Redis repositories in DEFAULT mode.
2021-05-08 14:05:00.399 INFO [main]o.s.d.repository.config.RepositoryConfigurationDelegate.registerRepositoriesIn:188 -Finished Spring Data repository scanning in 9 ms. Found 0 Redis repository interfaces.
2021-05-08 14:05:00.788 INFO [main]o.s.boot.web.embedded.tomcat.TomcatWebServer.initialize:108 -Tomcat initialized with port(s): 8081 (http)
2021-05-08 14:05:00.795 INFO [main]org.apache.coyote.http11.Http11NioProtocol.log:173 -Initializing ProtocolHandler ["http-nio-8081"]
2021-05-08 14:05:00.796 INFO [main]org.apache.catalina.core.StandardService.log:173 -Starting service [Tomcat]
2021-05-08 14:05:00.796 INFO [main]org.apache.catalina.core.StandardEngine.log:173 -Starting Servlet engine: [Apache Tomcat/9.0.45]
2021-05-08 14:05:00.877 INFO [main]o.a.catalina.core.ContainerBase.[Tomcat].[localhost].[/].log:173 -Initializing Spring embedded WebApplicationContext
2021-05-08 14:05:00.878 INFO [main]o.s.b.w.s.context.ServletWebServerApplicationContext.prepareWebApplicationContext:289 -Root WebApplicationContext: initialization completed in 973 ms
2021-05-08 14:05:01.202 INFO [main]o.s.scheduling.concurrent.ThreadPoolTaskExecutor.initialize:181 -Initializing ExecutorService 'applicationTaskExecutor'
2021-05-08 14:05:01.620 INFO [main]org.apache.coyote.http11.Http11NioProtocol.log:173 -Starting ProtocolHandler ["http-nio-8081"]
2021-05-08 14:05:01.633 INFO [main]o.s.boot.web.embedded.tomcat.TomcatWebServer.start:220 -Tomcat started on port(s): 8081 (http) with context path ''
2021-05-08 14:05:01.642 INFO [main]net.xdclass.xdvideo.XdvideoApplication.logStarted:61 -Started XdvideoApplication in 2.162 seconds (JVM running for 3.073)
2021-05-08 14:05:08.539 INFO [http-nio-8081-exec-1]o.a.catalina.core.ContainerBase.[Tomcat].[localhost].[/].log:173 -Initializing Spring DispatcherServlet 'dispatcherServlet'
2021-05-08 14:05:08.540 INFO [http-nio-8081-exec-1]org.springframework.web.servlet.DispatcherServlet.initServletBean:525 -Initializing Servlet 'dispatcherServlet'
2021-05-08 14:05:08.540 INFO [http-nio-8081-exec-1]org.springframework.web.servlet.DispatcherServlet.initServletBean:547 -Completed initialization in 0 ms
2021-05-08 14:05:20.569 INFO [SpringContextShutdownHook]o.s.scheduling.concurrent.ThreadPoolTaskExecutor.shutdown:218 -Shutting down ExecutorService 'applicationTaskExecutor'
2021-05-08 14:09:52.047 INFO [main]net.xdclass.xdvideo.XdvideoApplication.logStarting:55 -Starting XdvideoApplication using Java 1.8.0_241 on LAPTOP-97DOEO9E with PID 17444 (E:\Java项目\微信支付项目\xdvideo\xdvideo\target\classes started by 联想 in E:\Java项目\微信支付项目\xdvideo\xdvideo)
2021-05-08 14:09:52.049 INFO [main]net.xdclass.xdvideo.XdvideoApplication.logStartupProfileInfo:675 -No active profile set, falling back to default profiles: default
2021-05-08 14:09:52.507 INFO [main]o.s.d.repository.config.RepositoryConfigurationDelegate.multipleStoresDetected:250 -Multiple Spring Data modules found, entering strict repository configuration mode!
2021-05-08 14:09:52.509 INFO [main]o.s.d.repository.config.RepositoryConfigurationDelegate.registerRepositoriesIn:128 -Bootstrapping Spring Data Redis repositories in DEFAULT mode.
2021-05-08 14:09:52.527 INFO [main]o.s.d.repository.config.RepositoryConfigurationDelegate.registerRepositoriesIn:188 -Finished Spring Data repository scanning in 9 ms. Found 0 Redis repository interfaces.
2021-05-08 14:09:52.857 INFO [main]o.s.boot.web.embedded.tomcat.TomcatWebServer.initialize:108 -Tomcat initialized with port(s): 8081 (http)
2021-05-08 14:09:52.865 INFO [main]org.apache.coyote.http11.Http11NioProtocol.log:173 -Initializing ProtocolHandler ["http-nio-8081"]
2021-05-08 14:09:52.865 INFO [main]org.apache.catalina.core.StandardService.log:173 -Starting service [Tomcat]
2021-05-08 14:09:52.865 INFO [main]org.apache.catalina.core.StandardEngine.log:173 -Starting Servlet engine: [Apache Tomcat/9.0.45]
2021-05-08 14:09:52.949 INFO [main]o.a.catalina.core.ContainerBase.[Tomcat].[localhost].[/].log:173 -Initializing Spring embedded WebApplicationContext
2021-05-08 14:09:52.949 INFO [main]o.s.b.w.s.context.ServletWebServerApplicationContext.prepareWebApplicationContext:289 -Root WebApplicationContext: initialization completed in 863 ms
2021-05-08 14:09:53.245 INFO [main]o.s.scheduling.concurrent.ThreadPoolTaskExecutor.initialize:181 -Initializing ExecutorService 'applicationTaskExecutor'
2021-05-08 14:09:53.624 INFO [main]org.apache.coyote.http11.Http11NioProtocol.log:173 -Starting ProtocolHandler ["http-nio-8081"]
2021-05-08 14:09:53.636 INFO [main]o.s.boot.web.embedded.tomcat.TomcatWebServer.start:220 -Tomcat started on port(s): 8081 (http) with context path ''
2021-05-08 14:09:53.643 INFO [main]net.xdclass.xdvideo.XdvideoApplication.logStarted:61 -Started XdvideoApplication in 1.901 seconds (JVM running for 2.63)
2021-05-08 14:10:04.767 INFO [http-nio-8081-exec-4]o.a.catalina.core.ContainerBase.[Tomcat].[localhost].[/].log:173 -Initializing Spring DispatcherServlet 'dispatcherServlet'
2021-05-08 14:10:04.767 INFO [http-nio-8081-exec-4]org.springframework.web.servlet.DispatcherServlet.initServletBean:525 -Initializing Servlet 'dispatcherServlet'
2021-05-08 14:10:04.767 INFO [http-nio-8081-exec-4]org.springframework.web.servlet.DispatcherServlet.initServletBean:547 -Completed initialization in 0 ms
2021-05-08 14:14:09.924 INFO [main]net.xdclass.xdvideo.XdvideoApplication.logStarting:55 -Starting XdvideoApplication using Java 1.8.0_241 on LAPTOP-97DOEO9E with PID 15544 (E:\Java项目\微信支付项目\xdvideo\xdvideo\target\classes started by 联想 in E:\Java项目\微信支付项目\xdvideo\xdvideo)
2021-05-08 14:14:09.926 INFO [main]net.xdclass.xdvideo.XdvideoApplication.logStartupProfileInfo:675 -No active profile set, falling back to default profiles: default
2021-05-08 14:14:10.384 INFO [main]o.s.d.repository.config.RepositoryConfigurationDelegate.multipleStoresDetected:250 -Multiple Spring Data modules found, entering strict repository configuration mode!
2021-05-08 14:14:10.386 INFO [main]o.s.d.repository.config.RepositoryConfigurationDelegate.registerRepositoriesIn:128 -Bootstrapping Spring Data Redis repositories in DEFAULT mode.
2021-05-08 14:14:10.403 INFO [main]o.s.d.repository.config.RepositoryConfigurationDelegate.registerRepositoriesIn:188 -Finished Spring Data repository scanning in 8 ms. Found 0 Redis repository interfaces.
2021-05-08 14:14:10.723 INFO [main]o.s.boot.web.embedded.tomcat.TomcatWebServer.initialize:108 -Tomcat initialized with port(s): 8081 (http)
2021-05-08 14:14:10.729 INFO [main]org.apache.coyote.http11.Http11NioProtocol.log:173 -Initializing ProtocolHandler ["http-nio-8081"]
2021-05-08 14:14:10.729 INFO [main]org.apache.catalina.core.StandardService.log:173 -Starting service [Tomcat]
2021-05-08 14:14:10.729 INFO [main]org.apache.catalina.core.StandardEngine.log:173 -Starting Servlet engine: [Apache Tomcat/9.0.45]
2021-05-08 14:14:10.793 INFO [main]o.a.catalina.core.ContainerBase.[Tomcat].[localhost].[/].log:173 -Initializing Spring embedded WebApplicationContext
2021-05-08 14:14:10.793 INFO [main]o.s.b.w.s.context.ServletWebServerApplicationContext.prepareWebApplicationContext:289 -Root WebApplicationContext: initialization completed in 831 ms
2021-05-08 14:14:11.082 INFO [main]o.s.scheduling.concurrent.ThreadPoolTaskExecutor.initialize:181 -Initializing ExecutorService 'applicationTaskExecutor'
2021-05-08 14:14:11.434 INFO [main]org.apache.coyote.http11.Http11NioProtocol.log:173 -Starting ProtocolHandler ["http-nio-8081"]
2021-05-08 14:14:11.446 INFO [main]o.s.boot.web.embedded.tomcat.TomcatWebServer.start:220 -Tomcat started on port(s): 8081 (http) with context path ''
2021-05-08 14:14:11.453 INFO [main]net.xdclass.xdvideo.XdvideoApplication.logStarted:61 -Started XdvideoApplication in 1.842 seconds (JVM running for 2.56)
2021-05-08 14:14:17.778 INFO [http-nio-8081-exec-5]o.a.catalina.core.ContainerBase.[Tomcat].[localhost].[/].log:173 -Initializing Spring DispatcherServlet 'dispatcherServlet'
2021-05-08 14:14:17.778 INFO [http-nio-8081-exec-5]org.springframework.web.servlet.DispatcherServlet.initServletBean:525 -Initializing Servlet 'dispatcherServlet'
2021-05-08 14:14:17.779 INFO [http-nio-8081-exec-5]org.springframework.web.servlet.DispatcherServlet.initServletBean:547 -Completed initialization in 1 ms
2021-05-08 14:14:17.857 INFO [http-nio-8081-exec-5]com.alibaba.druid.pool.DruidDataSource.init:922 -{dataSource-1} inited
2021-05-08 14:28:01.740 INFO [main]net.xdclass.xdvideo.XdvideoApplication.logStarting:55 -Starting XdvideoApplication using Java 1.8.0_241 on LAPTOP-97DOEO9E with PID 15992 (E:\Java项目\微信支付项目\xdvideo\xdvideo\target\classes started by 联想 in E:\Java项目\微信支付项目\xdvideo\xdvideo)
2021-05-08 14:28:01.743 INFO [main]net.xdclass.xdvideo.XdvideoApplication.logStartupProfileInfo:675 -No active profile set, falling back to default profiles: default
2021-05-08 14:28:02.265 INFO [main]o.s.d.repository.config.RepositoryConfigurationDelegate.multipleStoresDetected:250 -Multiple Spring Data modules found, entering strict repository configuration mode!
2021-05-08 14:28:02.267 INFO [main]o.s.d.repository.config.RepositoryConfigurationDelegate.registerRepositoriesIn:128 -Bootstrapping Spring Data Redis repositories in DEFAULT mode.
2021-05-08 14:28:02.288 INFO [main]o.s.d.repository.config.RepositoryConfigurationDelegate.registerRepositoriesIn:188 -Finished Spring Data repository scanning in 9 ms. Found 0 Redis repository interfaces.
2021-05-08 14:28:02.681 INFO [main]o.s.boot.web.embedded.tomcat.TomcatWebServer.initialize:108 -Tomcat initialized with port(s): 8081 (http)
2021-05-08 14:28:02.689 INFO [main]org.apache.coyote.http11.Http11NioProtocol.log:173 -Initializing ProtocolHandler ["http-nio-8081"]
2021-05-08 14:28:02.689 INFO [main]org.apache.catalina.core.StandardService.log:173 -Starting service [Tomcat]
2021-05-08 14:28:02.690 INFO [main]org.apache.catalina.core.StandardEngine.log:173 -Starting Servlet engine: [Apache Tomcat/9.0.45]
2021-05-08 14:28:02.764 INFO [main]o.a.catalina.core.ContainerBase.[Tomcat].[localhost].[/].log:173 -Initializing Spring embedded WebApplicationContext
2021-05-08 14:28:02.764 INFO [main]o.s.b.w.s.context.ServletWebServerApplicationContext.prepareWebApplicationContext:289 -Root WebApplicationContext: initialization completed in 980 ms
2021-05-08 14:28:03.121 INFO [main]o.s.scheduling.concurrent.ThreadPoolTaskExecutor.initialize:181 -Initializing ExecutorService 'applicationTaskExecutor'
2021-05-08 14:28:03.562 INFO [main]org.apache.coyote.http11.Http11NioProtocol.log:173 -Starting ProtocolHandler ["http-nio-8081"]
2021-05-08 14:28:03.577 INFO [main]o.s.boot.web.embedded.tomcat.TomcatWebServer.start:220 -Tomcat started on port(s): 8081 (http) with context path ''
2021-05-08 14:28:03.585 INFO [main]net.xdclass.xdvideo.XdvideoApplication.logStarted:61 -Started XdvideoApplication in 2.225 seconds (JVM running for 3.165)
2021-05-08 14:28:29.133 INFO [http-nio-8081-exec-1]o.a.catalina.core.ContainerBase.[Tomcat].[localhost].[/].log:173 -Initializing Spring DispatcherServlet 'dispatcherServlet'
2021-05-08 14:28:29.133 INFO [http-nio-8081-exec-1]org.springframework.web.servlet.DispatcherServlet.initServletBean:525 -Initializing Servlet 'dispatcherServlet'
2021-05-08 14:28:29.133 INFO [http-nio-8081-exec-1]org.springframework.web.servlet.DispatcherServlet.initServletBean:547 -Completed initialization in 0 ms
2021-05-08 14:29:11.141 INFO [SpringContextShutdownHook]o.s.scheduling.concurrent.ThreadPoolTaskExecutor.shutdown:218 -Shutting down ExecutorService 'applicationTaskExecutor'
2021-05-08 19:14:40.683 INFO [main]net.xdclass.xdvideo.XdvideoApplication.logStarting:55 -Starting XdvideoApplication using Java 1.8.0_241 on LAPTOP-97DOEO9E with PID 12060 (E:\Java项目\微信支付项目\xdvideo\xdvideo\target\classes started by 联想 in E:\Java项目\微信支付项目\xdvideo\xdvideo)
2021-05-08 19:14:40.686 INFO [main]net.xdclass.xdvideo.XdvideoApplication.logStartupProfileInfo:675 -No active profile set, falling back to default profiles: default
2021-05-08 19:14:41.204 INFO [main]o.s.d.repository.config.RepositoryConfigurationDelegate.multipleStoresDetected:250 -Multiple Spring Data modules found, entering strict repository configuration mode!
2021-05-08 19:14:41.206 INFO [main]o.s.d.repository.config.RepositoryConfigurationDelegate.registerRepositoriesIn:128 -Bootstrapping Spring Data Redis repositories in DEFAULT mode.
2021-05-08 19:14:41.234 INFO [main]o.s.d.repository.config.RepositoryConfigurationDelegate.registerRepositoriesIn:188 -Finished Spring Data repository scanning in 9 ms. Found 0 Redis repository interfaces.
2021-05-08 19:14:41.616 INFO [main]o.s.boot.web.embedded.tomcat.TomcatWebServer.initialize:108 -Tomcat initialized with port(s): 8081 (http)
2021-05-08 19:14:41.623 INFO [main]org.apache.coyote.http11.Http11NioProtocol.log:173 -Initializing ProtocolHandler ["http-nio-8081"]
2021-05-08 19:14:41.623 INFO [main]org.apache.catalina.core.StandardService.log:173 -Starting service [Tomcat]
2021-05-08 19:14:41.624 INFO [main]org.apache.catalina.core.StandardEngine.log:173 -Starting Servlet engine: [Apache Tomcat/9.0.45]
2021-05-08 19:14:41.695 INFO [main]o.a.catalina.core.ContainerBase.[Tomcat].[localhost].[/].log:173 -Initializing Spring embedded WebApplicationContext
2021-05-08 19:14:41.696 INFO [main]o.s.b.w.s.context.ServletWebServerApplicationContext.prepareWebApplicationContext:289 -Root WebApplicationContext: initialization completed in 969 ms
2021-05-08 19:14:42.040 INFO [main]o.s.scheduling.concurrent.ThreadPoolTaskExecutor.initialize:181 -Initializing ExecutorService 'applicationTaskExecutor'
2021-05-08 19:14:42.456 INFO [main]org.apache.coyote.http11.Http11NioProtocol.log:173 -Starting ProtocolHandler ["http-nio-8081"]
2021-05-08 19:14:42.470 INFO [main]o.s.boot.web.embedded.tomcat.TomcatWebServer.start:220 -Tomcat started on port(s): 8081 (http) with context path ''
2021-05-08 19:14:42.478 INFO [main]net.xdclass.xdvideo.XdvideoApplication.logStarted:61 -Started XdvideoApplication in 2.159 seconds (JVM running for 3.043)
2021-05-08 19:14:54.194 INFO [http-nio-8081-exec-1]o.a.catalina.core.ContainerBase.[Tomcat].[localhost].[/].log:173 -Initializing Spring DispatcherServlet 'dispatcherServlet'
2021-05-08 19:14:54.195 INFO [http-nio-8081-exec-1]org.springframework.web.servlet.DispatcherServlet.initServletBean:525 -Initializing Servlet 'dispatcherServlet'
2021-05-08 19:14:54.195 INFO [http-nio-8081-exec-1]org.springframework.web.servlet.DispatcherServlet.initServletBean:547 -Completed initialization in 0 ms
2021-05-08 19:14:54.260 INFO [http-nio-8081-exec-3]com.alibaba.druid.pool.DruidDataSource.init:922 -{dataSource-1} inited
2021-05-08 19:15:32.366 INFO [SpringContextShutdownHook]o.s.scheduling.concurrent.ThreadPoolTaskExecutor.shutdown:218 -Shutting down ExecutorService 'applicationTaskExecutor'
2021-05-08 19:15:32.368 INFO [SpringContextShutdownHook]com.alibaba.druid.pool.DruidDataSource.close:1817 -{dataSource-1} closed
2021-05-08 19:15:37.435 INFO [main]net.xdclass.xdvideo.XdvideoApplication.logStarting:55 -Starting XdvideoApplication using Java 1.8.0_241 on LAPTOP-97DOEO9E with PID 1748 (E:\Java项目\微信支付项目\xdvideo\xdvideo\target\classes started by 联想 in E:\Java项目\微信支付项目\xdvideo\xdvideo)
2021-05-08 19:15:37.437 INFO [main]net.xdclass.xdvideo.XdvideoApplication.logStartupProfileInfo:675 -No active profile set, falling back to default profiles: default
2021-05-08 19:15:37.893 INFO [main]o.s.d.repository.config.RepositoryConfigurationDelegate.multipleStoresDetected:250 -Multiple Spring Data modules found, entering strict repository configuration mode!
2021-05-08 19:15:37.895 INFO [main]o.s.d.repository.config.RepositoryConfigurationDelegate.registerRepositoriesIn:128 -Bootstrapping Spring Data Redis repositories in DEFAULT mode.
2021-05-08 19:15:37.913 INFO [main]o.s.d.repository.config.RepositoryConfigurationDelegate.registerRepositoriesIn:188 -Finished Spring Data repository scanning in 9 ms. Found 0 Redis repository interfaces.
2021-05-08 19:15:38.230 INFO [main]o.s.boot.web.embedded.tomcat.TomcatWebServer.initialize:108 -Tomcat initialized with port(s): 8081 (http)
2021-05-08 19:15:38.236 INFO [main]org.apache.coyote.http11.Http11NioProtocol.log:173 -Initializing ProtocolHandler ["http-nio-8081"]
2021-05-08 19:15:38.237 INFO [main]org.apache.catalina.core.StandardService.log:173 -Starting service [Tomcat]
2021-05-08 19:15:38.237 INFO [main]org.apache.catalina.core.StandardEngine.log:173 -Starting Servlet engine: [Apache Tomcat/9.0.45]
2021-05-08 19:15:38.300 INFO [main]o.a.catalina.core.ContainerBase.[Tomcat].[localhost].[/].log:173 -Initializing Spring embedded WebApplicationContext
2021-05-08 19:15:38.300 INFO [main]o.s.b.w.s.context.ServletWebServerApplicationContext.prepareWebApplicationContext:289 -Root WebApplicationContext: initialization completed in 828 ms
2021-05-08 19:15:38.594 INFO [main]o.s.scheduling.concurrent.ThreadPoolTaskExecutor.initialize:181 -Initializing ExecutorService 'applicationTaskExecutor'
2021-05-08 19:15:38.950 INFO [main]org.apache.coyote.http11.Http11NioProtocol.log:173 -Starting ProtocolHandler ["http-nio-8081"]
2021-05-08 19:15:38.962 INFO [main]o.s.boot.web.embedded.tomcat.TomcatWebServer.start:220 -Tomcat started on port(s): 8081 (http) with context path ''
2021-05-08 19:15:38.970 INFO [main]net.xdclass.xdvideo.XdvideoApplication.logStarted:61 -Started XdvideoApplication in 1.842 seconds (JVM running for 2.563)
2021-05-08 19:15:44.771 INFO [http-nio-8081-exec-3]o.a.catalina.core.ContainerBase.[Tomcat].[localhost].[/].log:173 -Initializing Spring DispatcherServlet 'dispatcherServlet'
2021-05-08 19:15:44.772 INFO [http-nio-8081-exec-3]org.springframework.web.servlet.DispatcherServlet.initServletBean:525 -Initializing Servlet 'dispatcherServlet'
2021-05-08 19:15:44.772 INFO [http-nio-8081-exec-3]org.springframework.web.servlet.DispatcherServlet.initServletBean:547 -Completed initialization in 0 ms
2021-05-08 19:15:44.841 INFO [http-nio-8081-exec-1]com.alibaba.druid.pool.DruidDataSource.init:922 -{dataSource-1} inited
2021-05-08 19:37:43.074 INFO [main]net.xdclass.xdvideo.XdvideoApplication.logStarting:55 -Starting XdvideoApplication using Java 1.8.0_241 on LAPTOP-97DOEO9E with PID 17296 (E:\Java项目\微信支付项目\xdvideo\xdvideo\target\classes started by 联想 in E:\Java项目\微信支付项目\xdvideo\xdvideo)
2021-05-08 19:37:43.076 INFO [main]net.xdclass.xdvideo.XdvideoApplication.logStartupProfileInfo:675 -No active profile set, falling back to default profiles: default
2021-05-08 19:37:43.527 INFO [main]o.s.d.repository.config.RepositoryConfigurationDelegate.multipleStoresDetected:250 -Multiple Spring Data modules found, entering strict repository configuration mode!
2021-05-08 19:37:43.528 INFO [main]o.s.d.repository.config.RepositoryConfigurationDelegate.registerRepositoriesIn:128 -Bootstrapping Spring Data Redis repositories in DEFAULT mode.
2021-05-08 19:37:43.547 INFO [main]o.s.d.repository.config.RepositoryConfigurationDelegate.registerRepositoriesIn:188 -Finished Spring Data repository scanning in 9 ms. Found 0 Redis repository interfaces.
2021-05-08 19:37:43.864 INFO [main]o.s.boot.web.embedded.tomcat.TomcatWebServer.initialize:108 -Tomcat initialized with port(s): 8081 (http)
2021-05-08 19:37:43.870 INFO [main]org.apache.coyote.http11.Http11NioProtocol.log:173 -Initializing ProtocolHandler ["http-nio-8081"]
2021-05-08 19:37:43.870 INFO [main]org.apache.catalina.core.StandardService.log:173 -Starting service [Tomcat]
2021-05-08 19:37:43.870 INFO [main]org.apache.catalina.core.StandardEngine.log:173 -Starting Servlet engine: [Apache Tomcat/9.0.45]
2021-05-08 19:37:43.934 INFO [main]o.a.catalina.core.ContainerBase.[Tomcat].[localhost].[/].log:173 -Initializing Spring embedded WebApplicationContext
2021-05-08 19:37:43.935 INFO [main]o.s.b.w.s.context.ServletWebServerApplicationContext.prepareWebApplicationContext:289 -Root WebApplicationContext: initialization completed in 824 ms
2021-05-08 19:37:44.230 INFO [main]o.s.scheduling.concurrent.ThreadPoolTaskExecutor.initialize:181 -Initializing ExecutorService 'applicationTaskExecutor'
2021-05-08 19:37:44.589 INFO [main]org.apache.coyote.http11.Http11NioProtocol.log:173 -Starting ProtocolHandler ["http-nio-8081"]
2021-05-08 19:37:44.601 INFO [main]o.s.boot.web.embedded.tomcat.TomcatWebServer.start:220 -Tomcat started on port(s): 8081 (http) with context path ''
2021-05-08 19:37:44.608 INFO [main]net.xdclass.xdvideo.XdvideoApplication.logStarted:61 -Started XdvideoApplication in 1.838 seconds (JVM running for 2.585)
2021-05-08 19:38:22.297 INFO [http-nio-8081-exec-1]o.a.catalina.core.ContainerBase.[Tomcat].[localhost].[/].log:173 -Initializing Spring DispatcherServlet 'dispatcherServlet'
2021-05-08 19:38:22.297 INFO [http-nio-8081-exec-1]org.springframework.web.servlet.DispatcherServlet.initServletBean:525 -Initializing Servlet 'dispatcherServlet'
2021-05-08 19:38:22.298 INFO [http-nio-8081-exec-1]org.springframework.web.servlet.DispatcherServlet.initServletBean:547 -Completed initialization in 1 ms
2021-05-08 19:38:22.363 INFO [http-nio-8081-exec-5]com.alibaba.druid.pool.DruidDataSource.init:922 -{dataSource-1} inited
