2021-05-07 21:21:17.817 INFO [main]net.xdclass.xdvideo.XdvideoApplication.logStarting:55 -Starting XdvideoApplication using Java 1.8.0_241 on LAPTOP-97DOEO9E with PID 13084 (E:\Java项目\微信支付项目\xdvideo\xdvideo\target\classes started by 联想 in E:\Java项目\微信支付项目\xdvideo\xdvideo)
2021-05-07 21:21:17.819 INFO [main]net.xdclass.xdvideo.XdvideoApplication.logStartupProfileInfo:675 -No active profile set, falling back to default profiles: default
2021-05-07 21:21:18.330 INFO [main]o.s.d.repository.config.RepositoryConfigurationDelegate.multipleStoresDetected:250 -Multiple Spring Data modules found, entering strict repository configuration mode!
2021-05-07 21:21:18.331 INFO [main]o.s.d.repository.config.RepositoryConfigurationDelegate.registerRepositoriesIn:128 -Bootstrapping Spring Data Redis repositories in DEFAULT mode.
2021-05-07 21:21:18.354 INFO [main]o.s.d.repository.config.RepositoryConfigurationDelegate.registerRepositoriesIn:188 -Finished Spring Data repository scanning in 9 ms. Found 0 Redis repository interfaces.
2021-05-07 21:21:18.739 INFO [main]o.s.boot.web.embedded.tomcat.TomcatWebServer.initialize:108 -Tomcat initialized with port(s): 8081 (http)
2021-05-07 21:21:18.746 INFO [main]org.apache.coyote.http11.Http11NioProtocol.log:173 -Initializing ProtocolHandler ["http-nio-8081"]
2021-05-07 21:21:18.747 INFO [main]org.apache.catalina.core.StandardService.log:173 -Starting service [Tomcat]
2021-05-07 21:21:18.747 INFO [main]org.apache.catalina.core.StandardEngine.log:173 -Starting Servlet engine: [Apache Tomcat/9.0.45]
2021-05-07 21:21:18.818 INFO [main]o.a.catalina.core.ContainerBase.[Tomcat].[localhost].[/].log:173 -Initializing Spring embedded WebApplicationContext
2021-05-07 21:21:18.819 INFO [main]o.s.b.w.s.context.ServletWebServerApplicationContext.prepareWebApplicationContext:289 -Root WebApplicationContext: initialization completed in 958 ms
2021-05-07 21:21:19.165 INFO [main]o.s.scheduling.concurrent.ThreadPoolTaskExecutor.initialize:181 -Initializing ExecutorService 'applicationTaskExecutor'
2021-05-07 21:21:19.607 INFO [main]org.apache.coyote.http11.Http11NioProtocol.log:173 -Starting ProtocolHandler ["http-nio-8081"]
2021-05-07 21:21:19.621 INFO [main]o.s.boot.web.embedded.tomcat.TomcatWebServer.start:220 -Tomcat started on port(s): 8081 (http) with context path ''
2021-05-07 21:21:19.629 INFO [main]net.xdclass.xdvideo.XdvideoApplication.logStarted:61 -Started XdvideoApplication in 2.21 seconds (JVM running for 3.123)
2021-05-07 21:21:30.755 INFO [http-nio-8081-exec-2]o.a.catalina.core.ContainerBase.[Tomcat].[localhost].[/].log:173 -Initializing Spring DispatcherServlet 'dispatcherServlet'
2021-05-07 21:21:30.755 INFO [http-nio-8081-exec-2]org.springframework.web.servlet.DispatcherServlet.initServletBean:525 -Initializing Servlet 'dispatcherServlet'
2021-05-07 21:21:30.755 INFO [http-nio-8081-exec-2]org.springframework.web.servlet.DispatcherServlet.initServletBean:547 -Completed initialization in 0 ms
2021-05-07 21:21:30.779 INFO [http-nio-8081-exec-2]dataLogger.save:46 -module=video_order`api=save`user_id=1`video_id=2
2021-05-07 21:21:30.819 INFO [http-nio-8081-exec-2]com.alibaba.druid.pool.DruidDataSource.init:922 -{dataSource-1} inited
2021-05-07 21:21:49.680 INFO [http-nio-8081-exec-3]dataLogger.save:46 -module=video_order`api=save`user_id=1`video_id=2
2021-05-07 21:25:27.763 INFO [SpringContextShutdownHook]o.s.scheduling.concurrent.ThreadPoolTaskExecutor.shutdown:218 -Shutting down ExecutorService 'applicationTaskExecutor'
2021-05-07 21:25:27.768 INFO [SpringContextShutdownHook]com.alibaba.druid.pool.DruidDataSource.close:1817 -{dataSource-1} closed
